<?xml version="1.0" encoding="utf-8"?><testsuites name="pytest tests"><testsuite name="pytest" errors="0" failures="0" skipped="1" tests="1" time="0.027" timestamp="2026-08-08T14:40:10.693429+10:00" hostname="DESKTOP-VFIMO5P"><testcase classname=".test-temp-pure-suite-r3-20260808.test_real_model_pytest_skip_is0.test_skipped_real_gate" name="test_real_gate" time="0.000"><skipped type="pytest.skip" message="fixture unavailable">C:\Users\Simon\OneDrive\Documents\Python Scripts\swarm-inference-lab\.test-temp-pure-suite-r3-20260808\test_real_model_pytest_skip_is0\test_skipped_real_gate.py:3: fixture unavailable</skipped></testcase></testsuite></testsuites>